[2025-06-28T11:26:50.506+0000] {local_task_job_runner.py:120} INFO - ::group::Pre task execution logs
[2025-06-28T11:26:50.795+0000] {taskinstance.py:2076} INFO - Dependencies all met for dep_context=non-requeueable deps ti=<TaskInstance: etl_log_processing.log_extraction manual__2025-06-28T11:26:48.939449+00:00 [queued]>
[2025-06-28T11:26:50.803+0000] {taskinstance.py:2076} INFO - Dependencies all met for dep_context=requeueable deps ti=<TaskInstance: etl_log_processing.log_extraction manual__2025-06-28T11:26:48.939449+00:00 [queued]>
[2025-06-28T11:26:50.803+0000] {taskinstance.py:2306} INFO - Starting attempt 1 of 1
[2025-06-28T11:26:50.816+0000] {taskinstance.py:2330} INFO - Executing <Task(PythonOperator): log_extraction> on 2025-06-28 11:26:48.939449+00:00
[2025-06-28T11:26:50.823+0000] {standard_task_runner.py:63} INFO - Started process 59 to run task
[2025-06-28T11:26:50.832+0000] {standard_task_runner.py:90} INFO - Running: ['airflow', 'tasks', 'run', 'etl_log_processing', 'log_extraction', 'manual__2025-06-28T11:26:48.939449+00:00', '--job-id', '5', '--raw', '--subdir', 'DAGS_FOLDER/logs_dag.py', '--cfg-path', '/tmp/tmpzsxwifnf']
[2025-06-28T11:26:50.835+0000] {standard_task_runner.py:91} INFO - Job 5: Subtask log_extraction
[2025-06-28T11:26:50.936+0000] {task_command.py:426} INFO - Running <TaskInstance: etl_log_processing.log_extraction manual__2025-06-28T11:26:48.939449+00:00 [running]> on host 71ba61a51b69
[2025-06-28T11:26:51.059+0000] {taskinstance.py:2648} INFO - Exporting env vars: AIRFLOW_CTX_DAG_OWNER='Hoang' AIRFLOW_CTX_DAG_ID='etl_log_processing' AIRFLOW_CTX_TASK_ID='log_extraction' AIRFLOW_CTX_EXECUTION_DATE='2025-06-28T11:26:48.939449+00:00' AIRFLOW_CTX_TRY_NUMBER='1' AIRFLOW_CTX_DAG_RUN_ID='manual__2025-06-28T11:26:48.939449+00:00'
[2025-06-28T11:26:51.065+0000] {taskinstance.py:430} INFO - ::endgroup::
[2025-06-28T11:26:51.084+0000] {logging_mixin.py:188} INFO - /opt/airflow/data//20250628_log.csv
[2025-06-28T11:26:51.885+0000] {logging_mixin.py:188} INFO -        event_id  ...                                     commit_message
0   51454321802  ...                                                jsj
1   51454321867  ...                                               None
2   51454321854  ...                 Check Sat Jun 28 11:21:46 UTC 2025
3   51454321861  ...                                               None
4   51454321856  ...                                               None
5   51454321855  ...                                     JsonFileSystem
6   51454321859  ...                                               None
7   51454321846  ...                                               None
8   51454321843  ...                           improve eval time string
9   51454321841  ...                                  logo scroll added
10  51454321848  ...                                               None
11  51454321842  ...                                               None
12  51454321828  ...  Fix: Ensure all models are included\n\nEnsured...
13  51454321840  ...                                               None
14  51454321829  ...  Auto-commit: Generated files after running Pyt...
15  51454321830  ...  refactor(parser): simplify PDF parsing by remo...
16  51454321827  ...  Update Car-Recovery-Reading-What-to-Expect-fro...
17  51454321820  ...                    fix: auto-update analytics.json
18  51454321826  ...                                               None
19  51454321819  ...  Prepare environment for building GCC 6 on cent...
20  51454321814  ...                                           🫀 Hard 🫀
21  51454321788  ...                         IIQ-7 Group Ownership Rule
22  51454321788  ...  Merge pull request #15 from jamidmjam/IIQ-7\n\...
23  51454321786  ...                                               None
24  51454321781  ...                                               None
25  51454321780  ...                                               None
26  51454321774  ...  Updates help command to include summarise usag...
27  51454321772  ...                                               None
28  51454321769  ...  style: re-format / npx prettier --write "**/*....
29  51454321765  ...                                               None
30  51454321764  ...                                               None

[31 rows x 8 columns]
[2025-06-28T11:26:51.887+0000] {python.py:237} INFO - Done. Returned value was: /opt/airflow/data//20250628_log.csv
[2025-06-28T11:26:51.887+0000] {taskinstance.py:441} INFO - ::group::Post task execution logs
[2025-06-28T11:26:51.925+0000] {taskinstance.py:1206} INFO - Marking task as SUCCESS. dag_id=etl_log_processing, task_id=log_extraction, run_id=manual__2025-06-28T11:26:48.939449+00:00, execution_date=20250628T112648, start_date=20250628T112650, end_date=20250628T112651
[2025-06-28T11:26:51.987+0000] {local_task_job_runner.py:240} INFO - Task exited with return code 0
[2025-06-28T11:26:52.042+0000] {taskinstance.py:3498} INFO - 0 downstream tasks scheduled from follow-on schedule check
[2025-06-28T11:26:52.044+0000] {local_task_job_runner.py:222} INFO - ::endgroup::
